<?xml version="1.0" encoding="UTF-8"?>
<!-- Generated by org.testng.reporters.JUnitReportReporter -->
<testsuite hostname="Ashwini" failures="0" tests="1" name="pages.NSSToDoPage" time="0.018" errors="0" timestamp="2023-04-04T21:33:59 IST" skipped="0">
  <testcase classname="pages.NSSToDoPage" name="TestCase_One" time="0.018"/>
  <system-out/>
</testsuite> <!-- pages.NSSToDoPage -->
